TN:
SF:script/Execution.s.sol
FN:70,SendMessage.run
FNDA:0,SendMessage.run
DA:78,0
DA:79,0
DA:81,0
DA:83,0
DA:87,0
DA:91,0
FN:96,GetLatestMessageDetails.run
FNDA:0,GetLatestMessageDetails.run
DA:97,0
DA:102,0
DA:104,0
DA:105,0
DA:106,0
DA:107,0
DA:108,0
DA:109,0
DA:110,0
DA:111,0
FN:50,DeployReceiverContract.run
FNDA:0,DeployReceiverContract.run
DA:51,0
DA:52,0
DA:54,0
DA:56,0
DA:58,0
DA:65,0
FN:11,DeployToken.run
FNDA:0,DeployToken.run
DA:12,0
DA:13,0
DA:15,0
DA:17,0
DA:21,0
FN:26,DeployOriginContract.run
FNDA:0,DeployOriginContract.run
DA:27,0
DA:28,0
DA:30,0
DA:32,0
DA:38,0
DA:45,0
FNF:5
FNH:0
LF:33
LH:0
BRF:0
BRH:0
end_of_record
TN:
SF:script/Helper.sol
FN:93,Helper.getDummyTokensFromNetwork
FNDA:0,Helper.getDummyTokensFromNetwork
DA:98,0
BRDA:98,0,0,-
BRDA:98,0,1,-
DA:99,0
DA:100,0
BRDA:100,1,0,-
BRDA:100,1,1,-
DA:101,0
DA:102,0
BRDA:102,2,0,-
BRDA:102,2,1,-
DA:103,0
DA:104,0
BRDA:104,3,0,-
BRDA:104,3,1,-
DA:105,0
DA:106,0
BRDA:106,4,0,-
BRDA:106,4,1,-
DA:107,0
DA:108,0
BRDA:108,5,0,-
BRDA:108,5,1,-
DA:109,0
DA:110,0
BRDA:110,6,0,-
BRDA:110,6,1,-
DA:111,0
FN:115,Helper.getConfigFromNetwork
FNDA:0,Helper.getConfigFromNetwork
DA:120,0
BRDA:120,7,0,-
BRDA:120,7,1,-
DA:121,0
DA:127,0
BRDA:127,8,0,-
BRDA:127,8,1,-
DA:128,0
DA:131,0
BRDA:131,9,0,-
BRDA:131,9,1,-
DA:132,0
DA:138,0
BRDA:138,10,0,-
BRDA:138,10,1,-
DA:139,0
DA:141,0
BRDA:141,11,0,-
BRDA:141,11,1,-
DA:142,0
DA:144,0
BRDA:144,12,0,-
BRDA:144,12,1,-
DA:145,0
DA:151,0
BRDA:151,13,0,-
BRDA:151,13,1,-
DA:152,0
FNF:2
FNH:0
LF:28
LH:0
BRF:28
BRH:0
end_of_record
TN:
SF:src/OriginContract.sol
FN:41,OriginContract.mintAndBroadcast
FNDA:3,OriginContract.mintAndBroadcast
DA:48,3
DA:50,3
DA:58,3
DA:60,3
DA:62,3
BRDA:62,0,0,-
BRDA:62,0,1,-
DA:63,0
DA:64,0
DA:66,3
DA:70,3
FN:73,OriginContract._ccipReceive
FNDA:0,OriginContract._ccipReceive
DA:74,0
DA:75,0
BRDA:75,1,0,-
BRDA:75,1,1,-
DA:76,0
FN:79,OriginContract.getLatestMessageDetails
FNDA:0,OriginContract.getLatestMessageDetails
DA:84,0
FN:87,OriginContract.getInternalRouter
FNDA:1,OriginContract.getInternalRouter
DA:88,1
FN:91,OriginContract.getLinkTokenAddress
FNDA:1,OriginContract.getLinkTokenAddress
DA:92,1
FNF:5
FNH:3
LF:15
LH:9
BRF:4
BRH:0
end_of_record
TN:
SF:src/ReceiverContract.sol
FN:41,ReceiverContract._ccipReceive
FNDA:0,ReceiverContract._ccipReceive
DA:42,0
DA:43,0
DA:44,0
DA:45,0
DA:47,0
BRDA:47,0,0,-
BRDA:47,0,1,-
DA:48,0
DA:51,0
FN:56,ReceiverContract._broadcastBack
FNDA:0,ReceiverContract._broadcastBack
DA:59,0
DA:69,0
DA:71,0
DA:73,0
BRDA:73,1,0,-
BRDA:73,1,1,-
DA:74,0
DA:75,0
DA:77,0
DA:82,0
FN:85,ReceiverContract._compareStrings
FNDA:0,ReceiverContract._compareStrings
DA:86,0
FN:89,ReceiverContract.setTokenToMintBack
FNDA:0,ReceiverContract.setTokenToMintBack
DA:90,0
FN:93,ReceiverContract.getLatestMessageDetails
FNDA:1,ReceiverContract.getLatestMessageDetails
DA:98,1
FN:101,ReceiverContract.getInternalRouter
FNDA:1,ReceiverContract.getInternalRouter
DA:102,1
FN:105,ReceiverContract.getLinkTokenAddress
FNDA:1,ReceiverContract.getLinkTokenAddress
DA:106,1
FNF:7
FNH:3
LF:20
LH:3
BRF:4
BRH:0
end_of_record
TN:
SF:src/TokenCrossChain.sol
FN:10,TokenCrossChain.mint
FNDA:3,TokenCrossChain.mint
DA:11,3
FNF:1
FNH:1
LF:1
LH:1
BRF:0
BRH:0
end_of_record
TN:
SF:src/Withdraw.sol
FN:16,Withdraw.withdraw
FNDA:1,Withdraw.withdraw
DA:17,1
DA:18,1
DA:19,1
BRDA:19,0,0,-
BRDA:19,0,1,1
FN:22,Withdraw.withdrawToken
FNDA:0,Withdraw.withdrawToken
DA:23,0
DA:24,0
FNF:2
FNH:1
LF:5
LH:3
BRF:2
BRH:1
end_of_record
